Sep 29, 2025 7:45:42 PM edtech.Main configureLogging
INFO: Logging configured.
Sep 29, 2025 7:45:42 PM edtech.persistence.PersistenceManager loadData
INFO: No existing data file found. Starting with empty dataset.
Sep 29, 2025 7:47:56 PM edtech.Main configureLogging
INFO: Logging configured.
Sep 29, 2025 7:47:56 PM edtech.persistence.PersistenceManager loadData
INFO: No existing data file found. Starting with empty dataset.
Sep 29, 2025 7:48:02 PM edtech.persistence.PersistenceManager saveData
INFO: Data saved successfully to data\classrooms_data.ser
Sep 29, 2025 7:48:25 PM edtech.persistence.PersistenceManager saveData
INFO: Data saved successfully to data\classrooms_data.ser
Sep 29, 2025 7:48:42 PM edtech.persistence.PersistenceManager saveData
INFO: Data saved successfully to data\classrooms_data.ser
Sep 29, 2025 7:48:54 PM edtech.persistence.PersistenceManager saveData
INFO: Data saved successfully to data\classrooms_data.ser
Sep 29, 2025 7:49:13 PM edtech.persistence.PersistenceManager saveData
INFO: Data saved successfully to data\classrooms_data.ser
Sep 29, 2025 7:49:22 PM edtech.persistence.PersistenceManager saveData
INFO: Data saved successfully to data\classrooms_data.ser
Sep 29, 2025 7:50:01 PM edtech.Main main
INFO: Application exited by user.
